2016/08/06 00:59:29 [error] [exception.CHttpException.404] exception 'CHttpException' with message 'The system is unable to find the requested action "gii".' in /var/www/html/yaxa/vendor/square1-io/yii-framework/web/CController.php:483
Stack trace:
#0 /var/www/html/yaxa/vendor/square1-io/yii-framework/web/CController.php(270): CController->missingAction('gii')
#1 /var/www/html/yaxa/vendor/square1-io/yii-framework/web/CWebApplication.php(282): CController->run('gii')
#2 /var/www/html/yaxa/vendor/square1-io/yii-framework/web/CWebApplication.php(141): CWebApplication->runController('site/gii')
#3 /var/www/html/yaxa/vendor/square1-io/yii-framework/base/CApplication.php(180): CWebApplication->processRequest()
#4 /var/www/html/yaxa/index.php(13): CApplication->run()
#5 {main}
REQUEST_URI=/yaxa/index.php/site/gii
---
2016/08/06 00:59:34 [error] [exception.CHttpException.404] exception 'CHttpException' with message 'Unable to resolve the request "gii".' in /var/www/html/yaxa/vendor/square1-io/yii-framework/web/CWebApplication.php:286
Stack trace:
#0 /var/www/html/yaxa/vendor/square1-io/yii-framework/web/CWebApplication.php(141): CWebApplication->runController('gii')
#1 /var/www/html/yaxa/vendor/square1-io/yii-framework/base/CApplication.php(180): CWebApplication->processRequest()
#2 /var/www/html/yaxa/index.php(13): CApplication->run()
#3 {main}
REQUEST_URI=/yaxa/index.php/gii
---
2016/08/06 01:00:10 [error] [exception.CHttpException.404] exception 'CHttpException' with message 'Unable to resolve the request "gii".' in /var/www/html/yaxa/vendor/square1-io/yii-framework/web/CWebApplication.php:286
Stack trace:
#0 /var/www/html/yaxa/vendor/square1-io/yii-framework/web/CWebApplication.php(141): CWebApplication->runController('gii')
#1 /var/www/html/yaxa/vendor/square1-io/yii-framework/base/CApplication.php(180): CWebApplication->processRequest()
#2 /var/www/html/yaxa/index.php(13): CApplication->run()
#3 {main}
REQUEST_URI=/yaxa/index.php/gii
---
2016/08/06 01:00:14 [error] [exception.CHttpException.404] exception 'CHttpException' with message 'Unable to resolve the request "yii".' in /var/www/html/yaxa/vendor/square1-io/yii-framework/web/CWebApplication.php:286
Stack trace:
#0 /var/www/html/yaxa/vendor/square1-io/yii-framework/web/CWebApplication.php(141): CWebApplication->runController('yii')
#1 /var/www/html/yaxa/vendor/square1-io/yii-framework/base/CApplication.php(180): CWebApplication->processRequest()
#2 /var/www/html/yaxa/index.php(13): CApplication->run()
#3 {main}
REQUEST_URI=/yaxa/index.php/yii
---
2016/08/06 01:00:21 [error] [exception.CHttpException.404] exception 'CHttpException' with message 'The system is unable to find the requested action "gii".' in /var/www/html/yaxa/vendor/square1-io/yii-framework/web/CController.php:483
Stack trace:
#0 /var/www/html/yaxa/vendor/square1-io/yii-framework/web/CController.php(270): CController->missingAction('gii')
#1 /var/www/html/yaxa/vendor/square1-io/yii-framework/web/CWebApplication.php(282): CController->run('gii')
#2 /var/www/html/yaxa/vendor/square1-io/yii-framework/web/CWebApplication.php(141): CWebApplication->runController('site/gii')
#3 /var/www/html/yaxa/vendor/square1-io/yii-framework/base/CApplication.php(180): CWebApplication->processRequest()
#4 /var/www/html/yaxa/index.php(13): CApplication->run()
#5 {main}
REQUEST_URI=/yaxa/index.php/site/gii
---
2016/08/06 01:02:06 [error] [exception.CHttpException.404] exception 'CHttpException' with message 'Unable to resolve the request "gii".' in /var/www/html/yaxa/vendor/square1-io/yii-framework/web/CWebApplication.php:286
Stack trace:
#0 /var/www/html/yaxa/vendor/square1-io/yii-framework/web/CWebApplication.php(141): CWebApplication->runController('gii')
#1 /var/www/html/yaxa/vendor/square1-io/yii-framework/base/CApplication.php(180): CWebApplication->processRequest()
#2 /var/www/html/yaxa/index.php(13): CApplication->run()
#3 {main}
REQUEST_URI=/yaxa/index.php/gii
---
2016/08/06 01:02:16 [error] [exception.CHttpException.404] exception 'CHttpException' with message 'Unable to resolve the request "gii".' in /var/www/html/yaxa/vendor/square1-io/yii-framework/web/CWebApplication.php:286
Stack trace:
#0 /var/www/html/yaxa/vendor/square1-io/yii-framework/web/CWebApplication.php(141): CWebApplication->runController('gii')
#1 /var/www/html/yaxa/vendor/square1-io/yii-framework/base/CApplication.php(180): CWebApplication->processRequest()
#2 /var/www/html/yaxa/index.php(13): CApplication->run()
#3 {main}
REQUEST_URI=/yaxa/index.php/gii
---
2016/08/06 01:03:47 [error] [exception.CHttpException.404] exception 'CHttpException' with message 'Unable to resolve the request "gii".' in /var/www/html/yaxa/vendor/square1-io/yii-framework/web/CWebApplication.php:286
Stack trace:
#0 /var/www/html/yaxa/vendor/square1-io/yii-framework/web/CWebApplication.php(141): CWebApplication->runController('gii')
#1 /var/www/html/yaxa/vendor/square1-io/yii-framework/base/CApplication.php(180): CWebApplication->processRequest()
#2 /var/www/html/yaxa/index.php(13): CApplication->run()
#3 {main}
REQUEST_URI=/yaxa/index.php/gii
---
2016/08/06 01:05:52 [error] [exception.CDbException] exception 'CDbException' with message 'CDbConnection failed to open the DB connection: could not find driver' in /var/www/html/yaxa/vendor/square1-io/yii-framework/db/CDbConnection.php:382
Stack trace:
#0 /var/www/html/yaxa/vendor/square1-io/yii-framework/db/CDbConnection.php(330): CDbConnection->open()
#1 /var/www/html/yaxa/vendor/square1-io/yii-framework/db/CDbConnection.php(308): CDbConnection->setActive(true)
#2 /var/www/html/yaxa/vendor/square1-io/yii-framework/base/CModule.php(387): CDbConnection->init()
#3 /var/www/html/yaxa/vendor/square1-io/yii-framework/base/CModule.php(103): CModule->getComponent('db')
#4 /var/www/html/yaxa/vendor/square1-io/yii-framework/gii/generators/model/ModelCode.php(60): CModule->__get('db')
#5 /var/www/html/yaxa/vendor/square1-io/yii-framework/web/CFormModel.php(39): ModelCode->init()
#6 /var/www/html/yaxa/vendor/square1-io/yii-framework/gii/CCodeGenerator.php(153): CFormModel->__construct()
#7 /var/www/html/yaxa/vendor/square1-io/yii-framework/gii/CCodeGenerator.php(63): CCodeGenerator->prepare()
#8 /var/www/html/yaxa/vendor/square1-io/yii-framework/web/actions/CInlineAction.php(49): CCodeGenerator->actionIndex()
#9 /var/www/html/yaxa/vendor/square1-io/yii-framework/web/CController.php(308): CInlineAction->runWithParams(Array)
#10 /var/www/html/yaxa/vendor/square1-io/yii-framework/web/CController.php(286): CController->runAction(Object(CInlineAction))
#11 /var/www/html/yaxa/vendor/square1-io/yii-framework/web/CController.php(265): CController->runActionWithFilters(Object(CInlineAction), Array)
#12 /var/www/html/yaxa/vendor/square1-io/yii-framework/web/CWebApplication.php(282): CController->run('index')
#13 /var/www/html/yaxa/vendor/square1-io/yii-framework/web/CWebApplication.php(141): CWebApplication->runController('gii/model/index')
#14 /var/www/html/yaxa/vendor/square1-io/yii-framework/base/CApplication.php(180): CWebApplication->processRequest()
#15 /var/www/html/yaxa/index.php(13): CApplication->run()
#16 {main}
REQUEST_URI=/yaxa/index.php/gii/model/index
HTTP_REFERER=http://localhost/yaxa/index.php/gii/default/index
---
2016/08/06 01:06:21 [error] [exception.CDbException] exception 'CDbException' with message 'CDbConnection failed to open the DB connection: could not find driver' in /var/www/html/yaxa/vendor/square1-io/yii-framework/db/CDbConnection.php:382
Stack trace:
#0 /var/www/html/yaxa/vendor/square1-io/yii-framework/db/CDbConnection.php(330): CDbConnection->open()
#1 /var/www/html/yaxa/vendor/square1-io/yii-framework/db/CDbConnection.php(308): CDbConnection->setActive(true)
#2 /var/www/html/yaxa/vendor/square1-io/yii-framework/base/CModule.php(387): CDbConnection->init()
#3 /var/www/html/yaxa/vendor/square1-io/yii-framework/base/CModule.php(103): CModule->getComponent('db')
#4 /var/www/html/yaxa/vendor/square1-io/yii-framework/gii/generators/model/ModelCode.php(60): CModule->__get('db')
#5 /var/www/html/yaxa/vendor/square1-io/yii-framework/web/CFormModel.php(39): ModelCode->init()
#6 /var/www/html/yaxa/vendor/square1-io/yii-framework/gii/CCodeGenerator.php(153): CFormModel->__construct()
#7 /var/www/html/yaxa/vendor/square1-io/yii-framework/gii/CCodeGenerator.php(63): CCodeGenerator->prepare()
#8 /var/www/html/yaxa/vendor/square1-io/yii-framework/web/actions/CInlineAction.php(49): CCodeGenerator->actionIndex()
#9 /var/www/html/yaxa/vendor/square1-io/yii-framework/web/CController.php(308): CInlineAction->runWithParams(Array)
#10 /var/www/html/yaxa/vendor/square1-io/yii-framework/web/CController.php(286): CController->runAction(Object(CInlineAction))
#11 /var/www/html/yaxa/vendor/square1-io/yii-framework/web/CController.php(265): CController->runActionWithFilters(Object(CInlineAction), Array)
#12 /var/www/html/yaxa/vendor/square1-io/yii-framework/web/CWebApplication.php(282): CController->run('index')
#13 /var/www/html/yaxa/vendor/square1-io/yii-framework/web/CWebApplication.php(141): CWebApplication->runController('gii/model/index')
#14 /var/www/html/yaxa/vendor/square1-io/yii-framework/base/CApplication.php(180): CWebApplication->processRequest()
#15 /var/www/html/yaxa/index.php(13): CApplication->run()
#16 {main}
REQUEST_URI=/yaxa/index.php/gii/model/index
HTTP_REFERER=http://localhost/yaxa/index.php/gii/default/index
---
2016/08/06 01:10:48 [error] [exception.CDbException] exception 'CDbException' with message 'CDbConnection failed to open the DB connection: could not find driver' in /var/www/html/yaxa/vendor/square1-io/yii-framework/db/CDbConnection.php:382
Stack trace:
#0 /var/www/html/yaxa/vendor/square1-io/yii-framework/db/CDbConnection.php(330): CDbConnection->open()
#1 /var/www/html/yaxa/vendor/square1-io/yii-framework/db/CDbConnection.php(308): CDbConnection->setActive(true)
#2 /var/www/html/yaxa/vendor/square1-io/yii-framework/base/CModule.php(387): CDbConnection->init()
#3 /var/www/html/yaxa/vendor/square1-io/yii-framework/base/CModule.php(103): CModule->getComponent('db')
#4 /var/www/html/yaxa/vendor/square1-io/yii-framework/gii/generators/model/ModelCode.php(60): CModule->__get('db')
#5 /var/www/html/yaxa/vendor/square1-io/yii-framework/web/CFormModel.php(39): ModelCode->init()
#6 /var/www/html/yaxa/vendor/square1-io/yii-framework/gii/CCodeGenerator.php(153): CFormModel->__construct()
#7 /var/www/html/yaxa/vendor/square1-io/yii-framework/gii/CCodeGenerator.php(63): CCodeGenerator->prepare()
#8 /var/www/html/yaxa/vendor/square1-io/yii-framework/web/actions/CInlineAction.php(49): CCodeGenerator->actionIndex()
#9 /var/www/html/yaxa/vendor/square1-io/yii-framework/web/CController.php(308): CInlineAction->runWithParams(Array)
#10 /var/www/html/yaxa/vendor/square1-io/yii-framework/web/CController.php(286): CController->runAction(Object(CInlineAction))
#11 /var/www/html/yaxa/vendor/square1-io/yii-framework/web/CController.php(265): CController->runActionWithFilters(Object(CInlineAction), Array)
#12 /var/www/html/yaxa/vendor/square1-io/yii-framework/web/CWebApplication.php(282): CController->run('index')
#13 /var/www/html/yaxa/vendor/square1-io/yii-framework/web/CWebApplication.php(141): CWebApplication->runController('gii/model/index')
#14 /var/www/html/yaxa/vendor/square1-io/yii-framework/base/CApplication.php(180): CWebApplication->processRequest()
#15 /var/www/html/yaxa/index.php(13): CApplication->run()
#16 {main}
REQUEST_URI=/yaxa/index.php/gii/model/index
HTTP_REFERER=http://localhost/yaxa/index.php/gii
---
2016/08/06 01:11:20 [error] [exception.CDbException] exception 'CDbException' with message 'CDbConnection failed to open the DB connection: could not find driver' in /var/www/html/yaxa/vendor/square1-io/yii-framework/db/CDbConnection.php:382
Stack trace:
#0 /var/www/html/yaxa/vendor/square1-io/yii-framework/db/CDbConnection.php(330): CDbConnection->open()
#1 /var/www/html/yaxa/vendor/square1-io/yii-framework/db/CDbConnection.php(308): CDbConnection->setActive(true)
#2 /var/www/html/yaxa/vendor/square1-io/yii-framework/base/CModule.php(387): CDbConnection->init()
#3 /var/www/html/yaxa/vendor/square1-io/yii-framework/base/CModule.php(103): CModule->getComponent('db')
#4 /var/www/html/yaxa/vendor/square1-io/yii-framework/gii/generators/model/ModelCode.php(60): CModule->__get('db')
#5 /var/www/html/yaxa/vendor/square1-io/yii-framework/web/CFormModel.php(39): ModelCode->init()
#6 /var/www/html/yaxa/vendor/square1-io/yii-framework/gii/CCodeGenerator.php(153): CFormModel->__construct()
#7 /var/www/html/yaxa/vendor/square1-io/yii-framework/gii/CCodeGenerator.php(63): CCodeGenerator->prepare()
#8 /var/www/html/yaxa/vendor/square1-io/yii-framework/web/actions/CInlineAction.php(49): CCodeGenerator->actionIndex()
#9 /var/www/html/yaxa/vendor/square1-io/yii-framework/web/CController.php(308): CInlineAction->runWithParams(Array)
#10 /var/www/html/yaxa/vendor/square1-io/yii-framework/web/CController.php(286): CController->runAction(Object(CInlineAction))
#11 /var/www/html/yaxa/vendor/square1-io/yii-framework/web/CController.php(265): CController->runActionWithFilters(Object(CInlineAction), Array)
#12 /var/www/html/yaxa/vendor/square1-io/yii-framework/web/CWebApplication.php(282): CController->run('index')
#13 /var/www/html/yaxa/vendor/square1-io/yii-framework/web/CWebApplication.php(141): CWebApplication->runController('gii/model/index')
#14 /var/www/html/yaxa/vendor/square1-io/yii-framework/base/CApplication.php(180): CWebApplication->processRequest()
#15 /var/www/html/yaxa/index.php(13): CApplication->run()
#16 {main}
REQUEST_URI=/yaxa/index.php/gii/model/index
HTTP_REFERER=http://localhost/yaxa/index.php/gii
---
2016/08/06 01:14:40 [error] [exception.CDbException] exception 'CDbException' with message 'CDbConnection failed to open the DB connection: could not find driver' in /var/www/html/yaxa/vendor/square1-io/yii-framework/db/CDbConnection.php:382
Stack trace:
#0 /var/www/html/yaxa/vendor/square1-io/yii-framework/db/CDbConnection.php(330): CDbConnection->open()
#1 /var/www/html/yaxa/vendor/square1-io/yii-framework/db/CDbConnection.php(308): CDbConnection->setActive(true)
#2 /var/www/html/yaxa/vendor/square1-io/yii-framework/base/CModule.php(387): CDbConnection->init()
#3 /var/www/html/yaxa/vendor/square1-io/yii-framework/base/CModule.php(103): CModule->getComponent('db')
#4 /var/www/html/yaxa/vendor/square1-io/yii-framework/gii/generators/model/ModelCode.php(60): CModule->__get('db')
#5 /var/www/html/yaxa/vendor/square1-io/yii-framework/web/CFormModel.php(39): ModelCode->init()
#6 /var/www/html/yaxa/vendor/square1-io/yii-framework/gii/CCodeGenerator.php(153): CFormModel->__construct()
#7 /var/www/html/yaxa/vendor/square1-io/yii-framework/gii/CCodeGenerator.php(63): CCodeGenerator->prepare()
#8 /var/www/html/yaxa/vendor/square1-io/yii-framework/web/actions/CInlineAction.php(49): CCodeGenerator->actionIndex()
#9 /var/www/html/yaxa/vendor/square1-io/yii-framework/web/CController.php(308): CInlineAction->runWithParams(Array)
#10 /var/www/html/yaxa/vendor/square1-io/yii-framework/web/CController.php(286): CController->runAction(Object(CInlineAction))
#11 /var/www/html/yaxa/vendor/square1-io/yii-framework/web/CController.php(265): CController->runActionWithFilters(Object(CInlineAction), Array)
#12 /var/www/html/yaxa/vendor/square1-io/yii-framework/web/CWebApplication.php(282): CController->run('index')
#13 /var/www/html/yaxa/vendor/square1-io/yii-framework/web/CWebApplication.php(141): CWebApplication->runController('gii/model/index')
#14 /var/www/html/yaxa/vendor/square1-io/yii-framework/base/CApplication.php(180): CWebApplication->processRequest()
#15 /var/www/html/yaxa/index.php(13): CApplication->run()
#16 {main}
REQUEST_URI=/yaxa/index.php/gii/model/index
HTTP_REFERER=http://localhost/yaxa/index.php/gii
---
2016/08/06 01:14:41 [error] [exception.CDbException] exception 'CDbException' with message 'CDbConnection failed to open the DB connection: could not find driver' in /var/www/html/yaxa/vendor/square1-io/yii-framework/db/CDbConnection.php:382
Stack trace:
#0 /var/www/html/yaxa/vendor/square1-io/yii-framework/db/CDbConnection.php(330): CDbConnection->open()
#1 /var/www/html/yaxa/vendor/square1-io/yii-framework/db/CDbConnection.php(308): CDbConnection->setActive(true)
#2 /var/www/html/yaxa/vendor/square1-io/yii-framework/base/CModule.php(387): CDbConnection->init()
#3 /var/www/html/yaxa/vendor/square1-io/yii-framework/base/CModule.php(103): CModule->getComponent('db')
#4 /var/www/html/yaxa/vendor/square1-io/yii-framework/gii/generators/model/ModelCode.php(60): CModule->__get('db')
#5 /var/www/html/yaxa/vendor/square1-io/yii-framework/web/CFormModel.php(39): ModelCode->init()
#6 /var/www/html/yaxa/vendor/square1-io/yii-framework/gii/CCodeGenerator.php(153): CFormModel->__construct()
#7 /var/www/html/yaxa/vendor/square1-io/yii-framework/gii/CCodeGenerator.php(63): CCodeGenerator->prepare()
#8 /var/www/html/yaxa/vendor/square1-io/yii-framework/web/actions/CInlineAction.php(49): CCodeGenerator->actionIndex()
#9 /var/www/html/yaxa/vendor/square1-io/yii-framework/web/CController.php(308): CInlineAction->runWithParams(Array)
#10 /var/www/html/yaxa/vendor/square1-io/yii-framework/web/CController.php(286): CController->runAction(Object(CInlineAction))
#11 /var/www/html/yaxa/vendor/square1-io/yii-framework/web/CController.php(265): CController->runActionWithFilters(Object(CInlineAction), Array)
#12 /var/www/html/yaxa/vendor/square1-io/yii-framework/web/CWebApplication.php(282): CController->run('index')
#13 /var/www/html/yaxa/vendor/square1-io/yii-framework/web/CWebApplication.php(141): CWebApplication->runController('gii/model/index')
#14 /var/www/html/yaxa/vendor/square1-io/yii-framework/base/CApplication.php(180): CWebApplication->processRequest()
#15 /var/www/html/yaxa/index.php(13): CApplication->run()
#16 {main}
REQUEST_URI=/yaxa/index.php/gii/model/index
HTTP_REFERER=http://localhost/yaxa/index.php/gii
---
2016/08/06 01:14:42 [error] [exception.CDbException] exception 'CDbException' with message 'CDbConnection failed to open the DB connection: could not find driver' in /var/www/html/yaxa/vendor/square1-io/yii-framework/db/CDbConnection.php:382
Stack trace:
#0 /var/www/html/yaxa/vendor/square1-io/yii-framework/db/CDbConnection.php(330): CDbConnection->open()
#1 /var/www/html/yaxa/vendor/square1-io/yii-framework/db/CDbConnection.php(308): CDbConnection->setActive(true)
#2 /var/www/html/yaxa/vendor/square1-io/yii-framework/base/CModule.php(387): CDbConnection->init()
#3 /var/www/html/yaxa/vendor/square1-io/yii-framework/base/CModule.php(103): CModule->getComponent('db')
#4 /var/www/html/yaxa/vendor/square1-io/yii-framework/gii/generators/model/ModelCode.php(60): CModule->__get('db')
#5 /var/www/html/yaxa/vendor/square1-io/yii-framework/web/CFormModel.php(39): ModelCode->init()
#6 /var/www/html/yaxa/vendor/square1-io/yii-framework/gii/CCodeGenerator.php(153): CFormModel->__construct()
#7 /var/www/html/yaxa/vendor/square1-io/yii-framework/gii/CCodeGenerator.php(63): CCodeGenerator->prepare()
#8 /var/www/html/yaxa/vendor/square1-io/yii-framework/web/actions/CInlineAction.php(49): CCodeGenerator->actionIndex()
#9 /var/www/html/yaxa/vendor/square1-io/yii-framework/web/CController.php(308): CInlineAction->runWithParams(Array)
#10 /var/www/html/yaxa/vendor/square1-io/yii-framework/web/CController.php(286): CController->runAction(Object(CInlineAction))
#11 /var/www/html/yaxa/vendor/square1-io/yii-framework/web/CController.php(265): CController->runActionWithFilters(Object(CInlineAction), Array)
#12 /var/www/html/yaxa/vendor/square1-io/yii-framework/web/CWebApplication.php(282): CController->run('index')
#13 /var/www/html/yaxa/vendor/square1-io/yii-framework/web/CWebApplication.php(141): CWebApplication->runController('gii/model/index')
#14 /var/www/html/yaxa/vendor/square1-io/yii-framework/base/CApplication.php(180): CWebApplication->processRequest()
#15 /var/www/html/yaxa/index.php(13): CApplication->run()
#16 {main}
REQUEST_URI=/yaxa/index.php/gii/model/index
HTTP_REFERER=http://localhost/yaxa/index.php/gii
---
2016/08/06 01:31:33 [error] [exception.CHttpException.404] exception 'CHttpException' with message 'Unable to resolve the request "actor/crear".' in /var/www/html/yaxa/vendor/square1-io/yii-framework/web/CWebApplication.php:286
Stack trace:
#0 /var/www/html/yaxa/vendor/square1-io/yii-framework/web/CWebApplication.php(141): CWebApplication->runController('actor/crear')
#1 /var/www/html/yaxa/vendor/square1-io/yii-framework/base/CApplication.php(180): CWebApplication->processRequest()
#2 /var/www/html/yaxa/index.php(13): CApplication->run()
#3 {main}
REQUEST_URI=/yaxa/index.php/actor/crear
HTTP_REFERER=http://localhost/yaxa/index.php/
---
2016/08/06 01:33:38 [error] [exception.CHttpException.404] exception 'CHttpException' with message 'Unable to resolve the request "actor/crear".' in /var/www/html/yaxa/vendor/square1-io/yii-framework/web/CWebApplication.php:286
Stack trace:
#0 /var/www/html/yaxa/vendor/square1-io/yii-framework/web/CWebApplication.php(141): CWebApplication->runController('actor/crear')
#1 /var/www/html/yaxa/vendor/square1-io/yii-framework/base/CApplication.php(180): CWebApplication->processRequest()
#2 /var/www/html/yaxa/index.php(13): CApplication->run()
#3 {main}
REQUEST_URI=/yaxa/index.php/actor/crear
HTTP_REFERER=http://localhost/yaxa/
---
2016/08/06 01:34:29 [error] [exception.CHttpException.404] exception 'CHttpException' with message 'Unable to resolve the request "actor/crear".' in /var/www/html/yaxa/vendor/square1-io/yii-framework/web/CWebApplication.php:286
Stack trace:
#0 /var/www/html/yaxa/vendor/square1-io/yii-framework/web/CWebApplication.php(141): CWebApplication->runController('actor/crear')
#1 /var/www/html/yaxa/vendor/square1-io/yii-framework/base/CApplication.php(180): CWebApplication->processRequest()
#2 /var/www/html/yaxa/index.php(13): CApplication->run()
#3 {main}
REQUEST_URI=/yaxa/index.php/actor/crear
HTTP_REFERER=http://localhost/yaxa/
---
2016/08/06 01:34:30 [error] [exception.CHttpException.404] exception 'CHttpException' with message 'Unable to resolve the request "actor/crear".' in /var/www/html/yaxa/vendor/square1-io/yii-framework/web/CWebApplication.php:286
Stack trace:
#0 /var/www/html/yaxa/vendor/square1-io/yii-framework/web/CWebApplication.php(141): CWebApplication->runController('actor/crear')
#1 /var/www/html/yaxa/vendor/square1-io/yii-framework/base/CApplication.php(180): CWebApplication->processRequest()
#2 /var/www/html/yaxa/index.php(13): CApplication->run()
#3 {main}
REQUEST_URI=/yaxa/index.php/actor/crear
HTTP_REFERER=http://localhost/yaxa/
---
2016/08/06 01:34:31 [error] [exception.CHttpException.404] exception 'CHttpException' with message 'Unable to resolve the request "actor/crear".' in /var/www/html/yaxa/vendor/square1-io/yii-framework/web/CWebApplication.php:286
Stack trace:
#0 /var/www/html/yaxa/vendor/square1-io/yii-framework/web/CWebApplication.php(141): CWebApplication->runController('actor/crear')
#1 /var/www/html/yaxa/vendor/square1-io/yii-framework/base/CApplication.php(180): CWebApplication->processRequest()
#2 /var/www/html/yaxa/index.php(13): CApplication->run()
#3 {main}
REQUEST_URI=/yaxa/index.php/actor/crear
HTTP_REFERER=http://localhost/yaxa/
---
2016/08/06 01:34:52 [error] [exception.CHttpException.404] exception 'CHttpException' with message 'Unable to resolve the request "actor/crear".' in /var/www/html/yaxa/vendor/square1-io/yii-framework/web/CWebApplication.php:286
Stack trace:
#0 /var/www/html/yaxa/vendor/square1-io/yii-framework/web/CWebApplication.php(141): CWebApplication->runController('actor/crear')
#1 /var/www/html/yaxa/vendor/square1-io/yii-framework/base/CApplication.php(180): CWebApplication->processRequest()
#2 /var/www/html/yaxa/index.php(13): CApplication->run()
#3 {main}
REQUEST_URI=/yaxa/index.php/actor/crear
HTTP_REFERER=http://localhost/yaxa/
---
2016/08/06 01:34:53 [error] [exception.CHttpException.404] exception 'CHttpException' with message 'Unable to resolve the request "actor/crear".' in /var/www/html/yaxa/vendor/square1-io/yii-framework/web/CWebApplication.php:286
Stack trace:
#0 /var/www/html/yaxa/vendor/square1-io/yii-framework/web/CWebApplication.php(141): CWebApplication->runController('actor/crear')
#1 /var/www/html/yaxa/vendor/square1-io/yii-framework/base/CApplication.php(180): CWebApplication->processRequest()
#2 /var/www/html/yaxa/index.php(13): CApplication->run()
#3 {main}
REQUEST_URI=/yaxa/index.php/actor/crear
HTTP_REFERER=http://localhost/yaxa/
---
2016/08/06 01:34:57 [error] [exception.CHttpException.404] exception 'CHttpException' with message 'Unable to resolve the request "Actor/crear".' in /var/www/html/yaxa/vendor/square1-io/yii-framework/web/CWebApplication.php:286
Stack trace:
#0 /var/www/html/yaxa/vendor/square1-io/yii-framework/web/CWebApplication.php(141): CWebApplication->runController('Actor/crear')
#1 /var/www/html/yaxa/vendor/square1-io/yii-framework/base/CApplication.php(180): CWebApplication->processRequest()
#2 /var/www/html/yaxa/index.php(13): CApplication->run()
#3 {main}
REQUEST_URI=/yaxa/index.php/Actor/crear
---
2016/08/06 01:35:12 [error] [exception.CHttpException.404] exception 'CHttpException' with message 'Unable to resolve the request "actor/crear".' in /var/www/html/yaxa/vendor/square1-io/yii-framework/web/CWebApplication.php:286
Stack trace:
#0 /var/www/html/yaxa/vendor/square1-io/yii-framework/web/CWebApplication.php(141): CWebApplication->runController('actor/crear')
#1 /var/www/html/yaxa/vendor/square1-io/yii-framework/base/CApplication.php(180): CWebApplication->processRequest()
#2 /var/www/html/yaxa/index.php(13): CApplication->run()
#3 {main}
REQUEST_URI=/yaxa/index.php/actor/crear
---
2016/08/06 01:35:49 [error] [exception.CHttpException.404] exception 'CHttpException' with message 'Unable to resolve the request "actor/crear".' in /var/www/html/yaxa/vendor/square1-io/yii-framework/web/CWebApplication.php:286
Stack trace:
#0 /var/www/html/yaxa/vendor/square1-io/yii-framework/web/CWebApplication.php(141): CWebApplication->runController('actor/crear')
#1 /var/www/html/yaxa/vendor/square1-io/yii-framework/base/CApplication.php(180): CWebApplication->processRequest()
#2 /var/www/html/yaxa/index.php(13): CApplication->run()
#3 {main}
REQUEST_URI=/yaxa/index.php/actor/crear
---
2016/08/06 01:36:19 [error] [exception.CHttpException.404] exception 'CHttpException' with message 'Unable to resolve the request "actor/crear".' in /var/www/html/yaxa/vendor/square1-io/yii-framework/web/CWebApplication.php:286
Stack trace:
#0 /var/www/html/yaxa/vendor/square1-io/yii-framework/web/CWebApplication.php(141): CWebApplication->runController('actor/crear')
#1 /var/www/html/yaxa/vendor/square1-io/yii-framework/base/CApplication.php(180): CWebApplication->processRequest()
#2 /var/www/html/yaxa/index.php(13): CApplication->run()
#3 {main}
REQUEST_URI=/yaxa/index.php/actor/crear
---
2016/08/06 01:36:20 [error] [exception.CHttpException.404] exception 'CHttpException' with message 'Unable to resolve the request "actor/crear".' in /var/www/html/yaxa/vendor/square1-io/yii-framework/web/CWebApplication.php:286
Stack trace:
#0 /var/www/html/yaxa/vendor/square1-io/yii-framework/web/CWebApplication.php(141): CWebApplication->runController('actor/crear')
#1 /var/www/html/yaxa/vendor/square1-io/yii-framework/base/CApplication.php(180): CWebApplication->processRequest()
#2 /var/www/html/yaxa/index.php(13): CApplication->run()
#3 {main}
REQUEST_URI=/yaxa/index.php/actor/crear
---
2016/08/06 01:36:22 [error] [exception.CHttpException.404] exception 'CHttpException' with message 'Unable to resolve the request "actor/crear".' in /var/www/html/yaxa/vendor/square1-io/yii-framework/web/CWebApplication.php:286
Stack trace:
#0 /var/www/html/yaxa/vendor/square1-io/yii-framework/web/CWebApplication.php(141): CWebApplication->runController('actor/crear')
#1 /var/www/html/yaxa/vendor/square1-io/yii-framework/base/CApplication.php(180): CWebApplication->processRequest()
#2 /var/www/html/yaxa/index.php(13): CApplication->run()
#3 {main}
REQUEST_URI=/yaxa/index.php/actor/crear
---
2016/08/06 01:36:37 [error] [exception.CHttpException.404] exception 'CHttpException' with message 'Unable to resolve the request "actor/crear".' in /var/www/html/yaxa/vendor/square1-io/yii-framework/web/CWebApplication.php:286
Stack trace:
#0 /var/www/html/yaxa/vendor/square1-io/yii-framework/web/CWebApplication.php(141): CWebApplication->runController('actor/crear')
#1 /var/www/html/yaxa/vendor/square1-io/yii-framework/base/CApplication.php(180): CWebApplication->processRequest()
#2 /var/www/html/yaxa/index.php(13): CApplication->run()
#3 {main}
REQUEST_URI=/yaxa/index.php/actor/crear
HTTP_REFERER=http://localhost/yaxa/index.php
---
2016/08/06 01:36:51 [error] [exception.CHttpException.404] exception 'CHttpException' with message 'Unable to resolve the request "actor/crear".' in /var/www/html/yaxa/vendor/square1-io/yii-framework/web/CWebApplication.php:286
Stack trace:
#0 /var/www/html/yaxa/vendor/square1-io/yii-framework/web/CWebApplication.php(141): CWebApplication->runController('actor/crear')
#1 /var/www/html/yaxa/vendor/square1-io/yii-framework/base/CApplication.php(180): CWebApplication->processRequest()
#2 /var/www/html/yaxa/index.php(13): CApplication->run()
#3 {main}
REQUEST_URI=/yaxa/index.php/actor/crear
HTTP_REFERER=http://localhost/yaxa/index.php
---
2016/08/06 01:36:52 [error] [exception.CHttpException.404] exception 'CHttpException' with message 'Unable to resolve the request "actor/crear".' in /var/www/html/yaxa/vendor/square1-io/yii-framework/web/CWebApplication.php:286
Stack trace:
#0 /var/www/html/yaxa/vendor/square1-io/yii-framework/web/CWebApplication.php(141): CWebApplication->runController('actor/crear')
#1 /var/www/html/yaxa/vendor/square1-io/yii-framework/base/CApplication.php(180): CWebApplication->processRequest()
#2 /var/www/html/yaxa/index.php(13): CApplication->run()
#3 {main}
REQUEST_URI=/yaxa/index.php/actor/crear
HTTP_REFERER=http://localhost/yaxa/index.php
---
2016/08/06 01:37:34 [error] [exception.CException] exception 'CException' with message 'ActorController cannot find the requested view "actor_viwe".' in /var/www/html/yaxa/vendor/square1-io/yii-framework/web/CController.php:878
Stack trace:
#0 /var/www/html/yaxa/vendor/square1-io/yii-framework/web/CController.php(782): CController->renderPartial('actor_viwe', NULL, true)
#1 /var/www/html/yaxa/protected/controllers/ActorController.php(5): CController->render('actor_viwe')
#2 /var/www/html/yaxa/vendor/square1-io/yii-framework/web/actions/CInlineAction.php(49): ActorController->actionCrear()
#3 /var/www/html/yaxa/vendor/square1-io/yii-framework/web/CController.php(308): CInlineAction->runWithParams(Array)
#4 /var/www/html/yaxa/vendor/square1-io/yii-framework/web/CController.php(286): CController->runAction(Object(CInlineAction))
#5 /var/www/html/yaxa/vendor/square1-io/yii-framework/web/CController.php(265): CController->runActionWithFilters(Object(CInlineAction), Array)
#6 /var/www/html/yaxa/vendor/square1-io/yii-framework/web/CWebApplication.php(282): CController->run('crear')
#7 /var/www/html/yaxa/vendor/square1-io/yii-framework/web/CWebApplication.php(141): CWebApplication->runController('actor/crear')
#8 /var/www/html/yaxa/vendor/square1-io/yii-framework/base/CApplication.php(180): CWebApplication->processRequest()
#9 /var/www/html/yaxa/index.php(13): CApplication->run()
#10 {main}
REQUEST_URI=/yaxa/index.php/actor/crear
HTTP_REFERER=http://localhost/yaxa/index.php
---
2016/08/06 01:37:59 [error] [exception.CException] exception 'CException' with message 'ActorController cannot find the requested view "actor_viwe".' in /var/www/html/yaxa/vendor/square1-io/yii-framework/web/CController.php:878
Stack trace:
#0 /var/www/html/yaxa/vendor/square1-io/yii-framework/web/CController.php(782): CController->renderPartial('actor_viwe', Array, true)
#1 /var/www/html/yaxa/protected/controllers/ActorController.php(5): CController->render('actor_viwe', Array)
#2 /var/www/html/yaxa/vendor/square1-io/yii-framework/web/actions/CInlineAction.php(49): ActorController->actionCrear()
#3 /var/www/html/yaxa/vendor/square1-io/yii-framework/web/CController.php(308): CInlineAction->runWithParams(Array)
#4 /var/www/html/yaxa/vendor/square1-io/yii-framework/web/CController.php(286): CController->runAction(Object(CInlineAction))
#5 /var/www/html/yaxa/vendor/square1-io/yii-framework/web/CController.php(265): CController->runActionWithFilters(Object(CInlineAction), Array)
#6 /var/www/html/yaxa/vendor/square1-io/yii-framework/web/CWebApplication.php(282): CController->run('crear')
#7 /var/www/html/yaxa/vendor/square1-io/yii-framework/web/CWebApplication.php(141): CWebApplication->runController('actor/crear')
#8 /var/www/html/yaxa/vendor/square1-io/yii-framework/base/CApplication.php(180): CWebApplication->processRequest()
#9 /var/www/html/yaxa/index.php(13): CApplication->run()
#10 {main}
REQUEST_URI=/yaxa/index.php/actor/crear
HTTP_REFERER=http://localhost/yaxa/index.php
---
2016/08/06 01:38:01 [error] [exception.CException] exception 'CException' with message 'ActorController cannot find the requested view "actor_viwe".' in /var/www/html/yaxa/vendor/square1-io/yii-framework/web/CController.php:878
Stack trace:
#0 /var/www/html/yaxa/vendor/square1-io/yii-framework/web/CController.php(782): CController->renderPartial('actor_viwe', Array, true)
#1 /var/www/html/yaxa/protected/controllers/ActorController.php(5): CController->render('actor_viwe', Array)
#2 /var/www/html/yaxa/vendor/square1-io/yii-framework/web/actions/CInlineAction.php(49): ActorController->actionCrear()
#3 /var/www/html/yaxa/vendor/square1-io/yii-framework/web/CController.php(308): CInlineAction->runWithParams(Array)
#4 /var/www/html/yaxa/vendor/square1-io/yii-framework/web/CController.php(286): CController->runAction(Object(CInlineAction))
#5 /var/www/html/yaxa/vendor/square1-io/yii-framework/web/CController.php(265): CController->runActionWithFilters(Object(CInlineAction), Array)
#6 /var/www/html/yaxa/vendor/square1-io/yii-framework/web/CWebApplication.php(282): CController->run('crear')
#7 /var/www/html/yaxa/vendor/square1-io/yii-framework/web/CWebApplication.php(141): CWebApplication->runController('actor/crear')
#8 /var/www/html/yaxa/vendor/square1-io/yii-framework/base/CApplication.php(180): CWebApplication->processRequest()
#9 /var/www/html/yaxa/index.php(13): CApplication->run()
#10 {main}
REQUEST_URI=/yaxa/index.php/actor/crear
HTTP_REFERER=http://localhost/yaxa/index.php
---
2016/08/06 01:38:02 [error] [exception.CException] exception 'CException' with message 'ActorController cannot find the requested view "actor_viwe".' in /var/www/html/yaxa/vendor/square1-io/yii-framework/web/CController.php:878
Stack trace:
#0 /var/www/html/yaxa/vendor/square1-io/yii-framework/web/CController.php(782): CController->renderPartial('actor_viwe', Array, true)
#1 /var/www/html/yaxa/protected/controllers/ActorController.php(5): CController->render('actor_viwe', Array)
#2 /var/www/html/yaxa/vendor/square1-io/yii-framework/web/actions/CInlineAction.php(49): ActorController->actionCrear()
#3 /var/www/html/yaxa/vendor/square1-io/yii-framework/web/CController.php(308): CInlineAction->runWithParams(Array)
#4 /var/www/html/yaxa/vendor/square1-io/yii-framework/web/CController.php(286): CController->runAction(Object(CInlineAction))
#5 /var/www/html/yaxa/vendor/square1-io/yii-framework/web/CController.php(265): CController->runActionWithFilters(Object(CInlineAction), Array)
#6 /var/www/html/yaxa/vendor/square1-io/yii-framework/web/CWebApplication.php(282): CController->run('crear')
#7 /var/www/html/yaxa/vendor/square1-io/yii-framework/web/CWebApplication.php(141): CWebApplication->runController('actor/crear')
#8 /var/www/html/yaxa/vendor/square1-io/yii-framework/base/CApplication.php(180): CWebApplication->processRequest()
#9 /var/www/html/yaxa/index.php(13): CApplication->run()
#10 {main}
REQUEST_URI=/yaxa/index.php/actor/crear
HTTP_REFERER=http://localhost/yaxa/index.php
---
2016/08/06 01:38:03 [error] [exception.CException] exception 'CException' with message 'ActorController cannot find the requested view "actor_viwe".' in /var/www/html/yaxa/vendor/square1-io/yii-framework/web/CController.php:878
Stack trace:
#0 /var/www/html/yaxa/vendor/square1-io/yii-framework/web/CController.php(782): CController->renderPartial('actor_viwe', Array, true)
#1 /var/www/html/yaxa/protected/controllers/ActorController.php(5): CController->render('actor_viwe', Array)
#2 /var/www/html/yaxa/vendor/square1-io/yii-framework/web/actions/CInlineAction.php(49): ActorController->actionCrear()
#3 /var/www/html/yaxa/vendor/square1-io/yii-framework/web/CController.php(308): CInlineAction->runWithParams(Array)
#4 /var/www/html/yaxa/vendor/square1-io/yii-framework/web/CController.php(286): CController->runAction(Object(CInlineAction))
#5 /var/www/html/yaxa/vendor/square1-io/yii-framework/web/CController.php(265): CController->runActionWithFilters(Object(CInlineAction), Array)
#6 /var/www/html/yaxa/vendor/square1-io/yii-framework/web/CWebApplication.php(282): CController->run('crear')
#7 /var/www/html/yaxa/vendor/square1-io/yii-framework/web/CWebApplication.php(141): CWebApplication->runController('actor/crear')
#8 /var/www/html/yaxa/vendor/square1-io/yii-framework/base/CApplication.php(180): CWebApplication->processRequest()
#9 /var/www/html/yaxa/index.php(13): CApplication->run()
#10 {main}
REQUEST_URI=/yaxa/index.php/actor/crear
HTTP_REFERER=http://localhost/yaxa/index.php
---
2016/08/06 01:38:21 [error] [exception.CException] exception 'CException' with message 'ActorController cannot find the requested view "../actor_viwe".' in /var/www/html/yaxa/vendor/square1-io/yii-framework/web/CController.php:878
Stack trace:
#0 /var/www/html/yaxa/vendor/square1-io/yii-framework/web/CController.php(782): CController->renderPartial('../actor_viwe', Array, true)
#1 /var/www/html/yaxa/protected/controllers/ActorController.php(5): CController->render('../actor_viwe', Array)
#2 /var/www/html/yaxa/vendor/square1-io/yii-framework/web/actions/CInlineAction.php(49): ActorController->actionCrear()
#3 /var/www/html/yaxa/vendor/square1-io/yii-framework/web/CController.php(308): CInlineAction->runWithParams(Array)
#4 /var/www/html/yaxa/vendor/square1-io/yii-framework/web/CController.php(286): CController->runAction(Object(CInlineAction))
#5 /var/www/html/yaxa/vendor/square1-io/yii-framework/web/CController.php(265): CController->runActionWithFilters(Object(CInlineAction), Array)
#6 /var/www/html/yaxa/vendor/square1-io/yii-framework/web/CWebApplication.php(282): CController->run('crear')
#7 /var/www/html/yaxa/vendor/square1-io/yii-framework/web/CWebApplication.php(141): CWebApplication->runController('actor/crear')
#8 /var/www/html/yaxa/vendor/square1-io/yii-framework/base/CApplication.php(180): CWebApplication->processRequest()
#9 /var/www/html/yaxa/index.php(13): CApplication->run()
#10 {main}
REQUEST_URI=/yaxa/index.php/actor/crear
HTTP_REFERER=http://localhost/yaxa/index.php
---
2016/08/06 02:36:29 [error] [exception.CHttpException.404] exception 'CHttpException' with message 'The system is unable to find the requested action "getActorById".' in /var/www/html/yaxa/vendor/square1-io/yii-framework/web/CController.php:483
Stack trace:
#0 /var/www/html/yaxa/vendor/square1-io/yii-framework/web/CController.php(270): CController->missingAction('getActorById')
#1 /var/www/html/yaxa/vendor/square1-io/yii-framework/web/CWebApplication.php(282): CController->run('getActorById')
#2 /var/www/html/yaxa/vendor/square1-io/yii-framework/web/CWebApplication.php(141): CWebApplication->runController('actor/getActorB...')
#3 /var/www/html/yaxa/vendor/square1-io/yii-framework/base/CApplication.php(180): CWebApplication->processRequest()
#4 /var/www/html/yaxa/index.php(13): CApplication->run()
#5 {main}
REQUEST_URI=/yaxa/index.php/actor/getActorById
---
2016/08/06 02:36:47 [error] [exception.CHttpException.404] exception 'CHttpException' with message 'The system is unable to find the requested action "getActorById".' in /var/www/html/yaxa/vendor/square1-io/yii-framework/web/CController.php:483
Stack trace:
#0 /var/www/html/yaxa/vendor/square1-io/yii-framework/web/CController.php(270): CController->missingAction('getActorById')
#1 /var/www/html/yaxa/vendor/square1-io/yii-framework/web/CWebApplication.php(282): CController->run('getActorById')
#2 /var/www/html/yaxa/vendor/square1-io/yii-framework/web/CWebApplication.php(141): CWebApplication->runController('actor/getActorB...')
#3 /var/www/html/yaxa/vendor/square1-io/yii-framework/base/CApplication.php(180): CWebApplication->processRequest()
#4 /var/www/html/yaxa/index.php(13): CApplication->run()
#5 {main}
REQUEST_URI=/yaxa/index.php/actor/getActorById
---
2016/08/06 02:39:33 [error] [exception.CHttpException.404] exception 'CHttpException' with message 'The system is unable to find the requested action "getActorById".' in /var/www/html/yaxa/vendor/square1-io/yii-framework/web/CController.php:483
Stack trace:
#0 /var/www/html/yaxa/vendor/square1-io/yii-framework/web/CController.php(270): CController->missingAction('getActorById')
#1 /var/www/html/yaxa/vendor/square1-io/yii-framework/web/CWebApplication.php(282): CController->run('getActorById')
#2 /var/www/html/yaxa/vendor/square1-io/yii-framework/web/CWebApplication.php(141): CWebApplication->runController('actor/getActorB...')
#3 /var/www/html/yaxa/vendor/square1-io/yii-framework/base/CApplication.php(180): CWebApplication->processRequest()
#4 /var/www/html/yaxa/index.php(13): CApplication->run()
#5 {main}
REQUEST_URI=/yaxa/index.php/actor/getActorById
---
2016/08/06 02:39:33 [error] [exception.CHttpException.404] exception 'CHttpException' with message 'The system is unable to find the requested action "getActorById".' in /var/www/html/yaxa/vendor/square1-io/yii-framework/web/CController.php:483
Stack trace:
#0 /var/www/html/yaxa/vendor/square1-io/yii-framework/web/CController.php(270): CController->missingAction('getActorById')
#1 /var/www/html/yaxa/vendor/square1-io/yii-framework/web/CWebApplication.php(282): CController->run('getActorById')
#2 /var/www/html/yaxa/vendor/square1-io/yii-framework/web/CWebApplication.php(141): CWebApplication->runController('actor/getActorB...')
#3 /var/www/html/yaxa/vendor/square1-io/yii-framework/base/CApplication.php(180): CWebApplication->processRequest()
#4 /var/www/html/yaxa/index.php(13): CApplication->run()
#5 {main}
REQUEST_URI=/yaxa/index.php/actor/getActorById
---
2016/08/06 02:39:33 [error] [exception.CHttpException.404] exception 'CHttpException' with message 'The system is unable to find the requested action "getActorById".' in /var/www/html/yaxa/vendor/square1-io/yii-framework/web/CController.php:483
Stack trace:
#0 /var/www/html/yaxa/vendor/square1-io/yii-framework/web/CController.php(270): CController->missingAction('getActorById')
#1 /var/www/html/yaxa/vendor/square1-io/yii-framework/web/CWebApplication.php(282): CController->run('getActorById')
#2 /var/www/html/yaxa/vendor/square1-io/yii-framework/web/CWebApplication.php(141): CWebApplication->runController('actor/getActorB...')
#3 /var/www/html/yaxa/vendor/square1-io/yii-framework/base/CApplication.php(180): CWebApplication->processRequest()
#4 /var/www/html/yaxa/index.php(13): CApplication->run()
#5 {main}
REQUEST_URI=/yaxa/index.php/actor/getActorById
---
